<?xml version="1.0" encoding="UTF-8"?>
<!-- Generated by org.testng.reporters.JUnitReportReporter -->
<testsuite hostname="DESKTOP-FSPGNRN" failures="0" tests="1" name="scripts.InvalidLogin" time="9.117" errors="0" timestamp="2024-07-10T08:07:24 IST" skipped="0">
  <testcase classname="scripts.InvalidLogin" name="testInvalidLogin" time="9.117">
    <system-out>
      <![CDATA[Err Msg is displayed]]>
    </system-out>
  </testcase> <!-- testInvalidLogin -->
  <system-out>
    <![CDATA[Err Msg is displayed]]>
  </system-out>
</testsuite> <!-- scripts.InvalidLogin -->
