<?xml version="1.0" encoding="UTF-8"?>
<!-- Generated by org.testng.reporters.JUnitReportReporter -->
<testsuite hostname="DESKTOP-FSPGNRN" failures="0" tests="1" name="scripts.Case2" time="10.230" errors="0" timestamp="2024-07-07T17:42:21 IST" skipped="0">
  <testcase classname="scripts.Case2" name="test" time="10.230">
    <system-out>
      <![CDATA[Google]]>
    </system-out>
  </testcase> <!-- test -->
  <system-out>
    <![CDATA[Google]]>
  </system-out>
</testsuite> <!-- scripts.Case2 -->
