<?xml version="1.0" encoding="UTF-8"?>
<!-- Generated by org.testng.reporters.JUnitReportReporter -->
<testsuite hostname="DESKTOP-FSPGNRN" failures="0" tests="1" name="scripts.Case1" time="9.339" errors="0" timestamp="2024-07-07T16:42:57 IST" skipped="0">
  <testcase classname="scripts.Case1" name="test" time="9.339">
    <system-out>
      <![CDATA[Akshara Training – Training Center]]>
    </system-out>
  </testcase> <!-- test -->
  <system-out>
    <![CDATA[Akshara Training – Training Center]]>
  </system-out>
</testsuite> <!-- scripts.Case1 -->
