<?xml version="1.0" encoding="UTF-8"?>
<!-- Generated by org.testng.reporters.JUnitReportReporter -->
<testsuite hostname="DESKTOP-FSPGNRN" failures="0" tests="1" name="scripts.TC3" time="12.981" errors="0" timestamp="2024-07-09T19:42:27 IST" skipped="0">
  <testcase classname="scripts.TC3" name="test" time="12.981"/>
</testsuite> <!-- scripts.TC3 -->
