<?xml version="1.0" encoding="UTF-8"?>
<!-- Generated by org.testng.reporters.JUnitReportReporter -->
<testsuite hostname="DESKTOP-FSPGNRN" failures="0" tests="2" name="test.Case1" time="30.450" errors="0" timestamp="2024-07-08T05:14:52 IST" skipped="0">
  <testcase classname="test.Case1" name="test" time="11.854">
    <system-out>
      <![CDATA[Akshara Training – Training Center 1
Akshara Training – Training Center 2
Akshara Training – Training Center 3
Akshara Training – Training Center 4
Akshara Training – Training Center 5
Akshara Training – Training Center 6
Akshara Training – Training Center 7
Akshara Training – Training Center 8
Akshara Training – Training Center 9
Akshara Training – Training Center 10
Akshara Training – Training Center 11
Akshara Training – Training Center 12
Akshara Training – Training Center 13
Akshara Training – Training Center 14
Akshara Training – Training Center 15
Akshara Training – Training Center 16
Akshara Training – Training Center 17
Akshara Training – Training Center 18
Akshara Training – Training Center 19
Akshara Training – Training Center 20]]>
    </system-out>
  </testcase> <!-- test -->
  <testcase classname="test.Case1" name="test" time="18.596">
    <system-out>
      <![CDATA[Akshara Training – Training Center 1
Akshara Training – Training Center 2
Akshara Training – Training Center 3
Akshara Training – Training Center 4
Akshara Training – Training Center 5
Akshara Training – Training Center 6
Akshara Training – Training Center 7
Akshara Training – Training Center 8
Akshara Training – Training Center 9
Akshara Training – Training Center 10
Akshara Training – Training Center 11
Akshara Training – Training Center 12
Akshara Training – Training Center 13
Akshara Training – Training Center 14
Akshara Training – Training Center 15
Akshara Training – Training Center 16
Akshara Training – Training Center 17
Akshara Training – Training Center 18
Akshara Training – Training Center 19
Akshara Training – Training Center 20]]>
    </system-out>
  </testcase> <!-- test -->
  <system-out>
    <![CDATA[Akshara Training – Training Center 1
Akshara Training – Training Center 2
Akshara Training – Training Center 3
Akshara Training – Training Center 4
Akshara Training – Training Center 5
Akshara Training – Training Center 6
Akshara Training – Training Center 7
Akshara Training – Training Center 8
Akshara Training – Training Center 9
Akshara Training – Training Center 10
Akshara Training – Training Center 11
Akshara Training – Training Center 12
Akshara Training – Training Center 13
Akshara Training – Training Center 14
Akshara Training – Training Center 15
Akshara Training – Training Center 16
Akshara Training – Training Center 17
Akshara Training – Training Center 18
Akshara Training – Training Center 19
Akshara Training – Training Center 20
Akshara Training – Training Center 1
Akshara Training – Training Center 2
Akshara Training – Training Center 3
Akshara Training – Training Center 4
Akshara Training – Training Center 5
Akshara Training – Training Center 6
Akshara Training – Training Center 7
Akshara Training – Training Center 8
Akshara Training – Training Center 9
Akshara Training – Training Center 10
Akshara Training – Training Center 11
Akshara Training – Training Center 12
Akshara Training – Training Center 13
Akshara Training – Training Center 14
Akshara Training – Training Center 15
Akshara Training – Training Center 16
Akshara Training – Training Center 17
Akshara Training – Training Center 18
Akshara Training – Training Center 19
Akshara Training – Training Center 20]]>
  </system-out>
</testsuite> <!-- test.Case1 -->
